XGBoost单模型优化训练日志
==================================================
2026-03-21 10:11:52,696 - INFO - 开始XGBoost单模型优化训练流程...
2026-03-21 10:11:52,697 - INFO - 从 preprocessed_data\merged_scaled.csv 加载已处理的数据集...
2026-03-21 10:11:58,082 - INFO - 加载完成，样本数: 1620
2026-03-21 10:11:58,149 - INFO - 保留了 15624 个数值型特征
2026-03-21 10:11:58,149 - INFO - 处理NaN值...
2026-03-21 10:11:58,191 - INFO - 删除NaN列后，特征数: 15624
2026-03-21 10:11:58,236 - INFO - 删除NaN行后，样本数: 1620
2026-03-21 10:11:58,241 - INFO - 分割数据...
2026-03-21 10:11:58,434 - INFO - 训练集: 1296 样本
2026-03-21 10:11:58,435 - INFO - 验证集: 162 样本
2026-03-21 10:11:58,435 - INFO - 测试集: 162 样本
2026-03-21 10:11:58,445 - INFO - 
=== 步骤1: 基于XGBoost特征重要性选择特征 ===
2026-03-21 10:11:58,446 - INFO - 使用XGBoost特征重要性选择Top 350个特征...
2026-03-21 10:13:01,168 - INFO - 特征重要性Top 10:
2026-03-21 10:13:01,168 - INFO -   1. PMCH: 0.0430
2026-03-21 10:13:01,169 - INFO -   2. SRY: 0.0099
2026-03-21 10:13:01,169 - INFO -   3. HLA-DRA: 0.0095
2026-03-21 10:13:01,169 - INFO -   4. TPRG1: 0.0090
2026-03-21 10:13:01,169 - INFO -   5. PPP2R2B: 0.0072
2026-03-21 10:13:01,169 - INFO -   6. ATF3: 0.0068
2026-03-21 10:13:01,169 - INFO -   7. GREM2: 0.0053
2026-03-21 10:13:01,169 - INFO -   8. LRRN3: 0.0052
2026-03-21 10:13:01,169 - INFO -   9. CD248: 0.0051
2026-03-21 10:13:01,169 - INFO -   10. HAGH: 0.0049
2026-03-21 10:13:01,170 - INFO - 选择了 350 个特征
2026-03-21 10:13:01,175 - INFO - 特征选择后维度: 350
2026-03-21 10:13:01,175 - INFO - 
=== 步骤2: 使用Optuna调优XGBoost超参数 ===
2026-03-21 10:13:01,175 - INFO - 开始使用Optuna调优XGBoost模型...
2026-03-21 10:13:01,176 - INFO - 试验次数: 70, 交叉验证折数: 5
2026-03-21 10:21:05,479 - INFO - 最佳R²得分: 0.7750
2026-03-21 10:21:05,479 - INFO - 最佳参数: {'n_estimators': 486, 'learning_rate': 0.039232145870740476, 'max_depth': 5, 'min_child_weight': 7, 'subsample': 0.764739856661391, 'colsample_bytree': 0.7886831519526715, 'reg_alpha': 2.6522221881348997, 'reg_lambda': 12.999741619550639, 'gamma': 4.4070283099639855}
2026-03-21 10:21:08,468 - INFO - 
=== 步骤3: 评估优化后的XGBoost模型 ===
2026-03-21 10:21:08,468 - INFO - 评估 XGBoost_Optimized 模型...
2026-03-21 10:21:08,475 - INFO - XGBoost_Optimized 模型性能:
2026-03-21 10:21:08,475 - INFO - MAE: 10.9416
2026-03-21 10:21:08,475 - INFO - RMSE: 14.3155
2026-03-21 10:21:08,475 - INFO - R2: 0.6918
2026-03-21 10:21:08,476 - INFO - 
=== 保存模型 ===
2026-03-21 10:21:08,485 - INFO - 模型保存完成
2026-03-21 10:21:08,485 - INFO - 
训练流程完成，耗时: 555.79 秒
2026-03-21 10:21:08,485 - INFO - 参与训练的数据条数: 1620
2026-03-21 10:21:08,485 - INFO - 
运行绘图函数...
