2026-03-21 18:53:47,539 - INFO - 开始重构Stacking训练流程...
2026-03-21 18:53:47,540 - INFO - 从 preprocessed_data\merged_scaled.csv 加载已处理的数据集...
2026-03-21 18:53:52,937 - INFO - 加载完成，样本数: 1620
2026-03-21 18:53:53,002 - INFO - 保留了 15624 个数值型特征
2026-03-21 18:53:53,002 - INFO - 处理NaN值...
2026-03-21 18:53:53,043 - INFO - 删除NaN列后，特征数: 15624
2026-03-21 18:53:53,086 - INFO - 删除NaN行后，样本数: 1620
2026-03-21 18:53:53,122 - INFO - 过滤后（年龄>=20）样本数: 1240
2026-03-21 18:53:53,122 - INFO - 分割数据...
2026-03-21 18:53:53,147 - INFO - 年龄>=20的样本数: 1240
2026-03-21 18:53:53,147 - INFO - 年龄<20的样本数: 0 (已排除)
2026-03-21 18:53:53,286 - INFO - 训练集: 992 样本
2026-03-21 18:53:53,286 - INFO - 验证集: 124 样本
2026-03-21 18:53:53,286 - INFO - 测试集: 124 样本
2026-03-21 18:53:53,286 - INFO - 测试集年龄范围: 20.20 - 92.00
2026-03-21 18:53:53,302 - INFO - 
=== 步骤1: 基于XGBoost特征重要性选择特征 ===
2026-03-21 18:53:53,303 - INFO - 使用5折交叉验证平均特征重要性选择Top 350个特征...
2026-03-21 18:53:53,303 - INFO -   第1折交叉验证...
2026-03-21 18:54:43,192 - INFO -   第2折交叉验证...
2026-03-21 18:55:33,100 - INFO -   第3折交叉验证...
2026-03-21 18:56:21,574 - INFO -   第4折交叉验证...
2026-03-21 18:57:10,790 - INFO -   第5折交叉验证...
2026-03-21 18:58:00,417 - INFO - 5折交叉验证平均特征重要性Top 10:
2026-03-21 18:58:00,418 - INFO -   1. LRRN3: 0.0122
2026-03-21 18:58:00,418 - INFO -   2. GZMH: 0.0105
2026-03-21 18:58:00,418 - INFO -   3. RALGDS: 0.0089
2026-03-21 18:58:00,418 - INFO -   4. PARP3: 0.0087
2026-03-21 18:58:00,418 - INFO -   5. CD248: 0.0063
2026-03-21 18:58:00,419 - INFO -   6. PDGFRB: 0.0042
2026-03-21 18:58:00,419 - INFO -   7. DDIT4: 0.0040
2026-03-21 18:58:00,419 - INFO -   8. EDA: 0.0039
2026-03-21 18:58:00,419 - INFO -   9. CLEC10A: 0.0037
2026-03-21 18:58:00,419 - INFO -   10. AXL: 0.0037
2026-03-21 18:58:00,419 - INFO - 选择了 350 个特征
2026-03-21 18:58:00,438 - INFO - 特征选择后维度: 350
2026-03-21 18:58:00,439 - INFO - 
=== 步骤2: 使用Optuna调优XGBoost超参数 ===
2026-03-21 18:58:00,439 - INFO - 开始使用Optuna调优XGBoost模型...
2026-03-21 18:58:00,439 - INFO - 试验次数: 50, 交叉验证折数: 5
2026-03-21 19:00:57,347 - INFO - 最佳R²得分: 0.6205
2026-03-21 19:00:57,347 - INFO - 最佳参数: {'n_estimators': 404, 'learning_rate': 0.05550636722826988, 'max_depth': 3, 'min_child_weight': 8, 'subsample': 0.7236859621803895, 'colsample_bytree': 0.7645568287356486, 'reg_alpha': 1.770223384712536, 'reg_lambda': 21.279890941736387, 'gamma': 6.406233932996557}
2026-03-21 19:00:57,354 - INFO - 调优记录已保存到 optuna_logs/xgboost_tuning_logs.csv
2026-03-21 19:00:58,096 - INFO - 
=== 步骤3: 使用Optuna调优MLP模型 ===
2026-03-21 19:00:58,097 - INFO - 开始使用Optuna调优MLP模型（精细调优版本）...
2026-03-21 19:00:58,097 - INFO - 试验次数: 50, 交叉验证折数: 10
2026-03-21 19:03:29,009 - INFO - MLP最佳交叉验证R²: 0.4249
2026-03-21 19:03:29,010 - INFO - MLP最佳参数: {'hidden_layer_sizes': (128, 64, 32), 'alpha': 2.047615531851132, 'learning_rate_init': 0.00784573083961111, 'activation': 'tanh', 'batch_size': 32}
2026-03-21 19:03:29,015 - INFO - 调优记录已保存到 optuna_logs/mlp_tuning_logs.csv
2026-03-21 19:03:30,348 - INFO - 
=== 步骤4: 定义重构后的基模型组合 ===
2026-03-21 19:03:30,349 - INFO - 基模型：XGBoost（调优后）、MLP（调优后）
2026-03-21 19:03:30,349 - INFO - 
=== 步骤5: 训练各个基模型 ===
2026-03-21 19:03:30,349 - INFO - 训练 xgboost 模型...
2026-03-21 19:03:31,142 - INFO - 评估 xgboost 模型...
2026-03-21 19:03:31,145 - INFO - xgboost 模型性能:
2026-03-21 19:03:31,146 - INFO - MAE: 8.8159
2026-03-21 19:03:31,146 - INFO - RMSE: 11.2650
2026-03-21 19:03:31,146 - INFO - R2: 0.5568
2026-03-21 19:03:31,147 - INFO - 训练 mlp 模型...
2026-03-21 19:03:32,483 - INFO - 评估 mlp 模型...
2026-03-21 19:03:32,485 - INFO - mlp 模型性能:
2026-03-21 19:03:32,485 - INFO - MAE: 10.3751
2026-03-21 19:03:32,485 - INFO - RMSE: 12.9591
2026-03-21 19:03:32,485 - INFO - R2: 0.4135
2026-03-21 19:03:32,486 - INFO - 
=== 步骤6: 验证基模型相关性 ===
2026-03-21 19:03:32,486 - INFO - 
=== 计算基模型预测结果相关性 ===
2026-03-21 19:03:32,487 - INFO - 基模型两两相关性矩阵:
2026-03-21 19:03:32,487 - INFO - xgboost vs mlp: 0.7972
2026-03-21 19:03:32,487 - INFO - 
=== 步骤7: 手动加权融合（精细搜索最优权重） ===
2026-03-21 19:03:32,489 - INFO - 遍历权重比例（XGBoost 70%-95%，步长 1%）...
2026-03-21 19:03:32,503 - INFO - 
=== 最佳手动加权融合结果 ===
2026-03-21 19:03:32,503 - INFO - 最优权重: XGBoost=0.84, MLP=0.16
2026-03-21 19:03:32,503 - INFO - 最优融合R²: 0.5646, MAE: 8.7552
2026-03-21 19:03:32,503 - INFO - 综合评分: -0.3110
2026-03-21 19:03:32,505 - INFO - 
=== 步骤8: 重复交叉验证评估模型稳定性 ===
2026-03-21 19:03:34,411 - INFO -   重复交叉验证第1次: R²=0.5582, MAE=8.4427, RMSE=10.9088
2026-03-21 19:03:36,796 - INFO -   重复交叉验证第2次: R²=0.6450, MAE=7.7301, RMSE=9.8123
2026-03-21 19:03:38,750 - INFO -   重复交叉验证第3次: R²=0.6428, MAE=8.1635, RMSE=10.3522
2026-03-21 19:03:40,780 - INFO -   重复交叉验证第4次: R²=0.6302, MAE=8.0594, RMSE=10.3624
2026-03-21 19:03:42,791 - INFO -   重复交叉验证第5次: R²=0.6015, MAE=7.7369, RMSE=9.8097
2026-03-21 19:03:45,112 - INFO -   重复交叉验证第6次: R²=0.5900, MAE=8.2283, RMSE=10.6745
2026-03-21 19:03:47,572 - INFO -   重复交叉验证第7次: R²=0.6186, MAE=8.0611, RMSE=10.2666
2026-03-21 19:03:49,905 - INFO -   重复交叉验证第8次: R²=0.6370, MAE=7.7086, RMSE=10.0085
2026-03-21 19:03:51,575 - INFO -   重复交叉验证第9次: R²=0.5787, MAE=8.1681, RMSE=10.5339
2026-03-21 19:03:53,618 - INFO -   重复交叉验证第10次: R²=0.6313, MAE=8.0889, RMSE=10.0854
2026-03-21 19:03:55,214 - INFO -   重复交叉验证第11次: R²=0.6054, MAE=8.5948, RMSE=10.8263
2026-03-21 19:03:57,807 - INFO -   重复交叉验证第12次: R²=0.6313, MAE=8.4130, RMSE=10.6000
2026-03-21 19:03:59,364 - INFO -   重复交叉验证第13次: R²=0.6054, MAE=7.7547, RMSE=9.9960
2026-03-21 19:04:01,593 - INFO -   重复交叉验证第14次: R²=0.5531, MAE=8.6953, RMSE=11.0265
2026-03-21 19:04:03,055 - INFO -   重复交叉验证第15次: R²=0.5926, MAE=7.6945, RMSE=9.8841
2026-03-21 19:04:03,055 - INFO - 
=== 重复交叉验证结果汇总 ===
2026-03-21 19:04:03,056 - INFO - 平均R²: 0.6081 ± 0.0284
2026-03-21 19:04:03,056 - INFO - 平均MAE: 8.1027 ± 0.3213
2026-03-21 19:04:03,056 - INFO - 平均RMSE: 10.3431 ± 0.3928
2026-03-21 19:04:03,056 - INFO - 
=== 步骤9: SHAP分析，识别核心衰老基因 ===
2026-03-21 19:04:03,106 - INFO - 
=== SHAP特征重要性Top 20 ===
2026-03-21 19:04:03,106 - INFO -   1. CD248: 2.9351
2026-03-21 19:04:03,106 - INFO -   2. LRRN3: 2.4242
2026-03-21 19:04:03,106 - INFO -   3. FIGN: 1.2647
2026-03-21 19:04:03,107 - INFO -   4. SLC4A10: 0.9135
2026-03-21 19:04:03,107 - INFO -   5. CR2: 0.9107
2026-03-21 19:04:03,107 - INFO -   6. LTK: 0.7981
2026-03-21 19:04:03,107 - INFO -   7. NRCAM: 0.7869
2026-03-21 19:04:03,107 - INFO -   8. RGMB: 0.7634
2026-03-21 19:04:03,107 - INFO -   9. MEOX1: 0.7391
2026-03-21 19:04:03,107 - INFO -   10. GZMH: 0.6209
2026-03-21 19:04:03,108 - INFO -   11. GREM2: 0.5462
2026-03-21 19:04:03,108 - INFO -   12. CLEC10A: 0.5265
2026-03-21 19:04:03,108 - INFO -   13. FCGR1A: 0.5200
2026-03-21 19:04:03,108 - INFO -   14. GGCT: 0.5175
2026-03-21 19:04:03,108 - INFO -   15. NAP1L2: 0.5076
2026-03-21 19:04:03,108 - INFO -   16. SORCS3: 0.5066
2026-03-21 19:04:03,108 - INFO -   17. ZNF667-AS1: 0.5047
2026-03-21 19:04:03,109 - INFO -   18. NEUROG3: 0.4997
2026-03-21 19:04:03,109 - INFO -   19. CELF5: 0.4968
2026-03-21 19:04:03,109 - INFO -   20. CRNDE: 0.4950
2026-03-21 19:04:03,109 - INFO - 
核心衰老基因已保存到 shap_feature_importance_stacking.csv
2026-03-21 19:04:03,109 - INFO - 
=== 保存模型 ===
2026-03-21 19:04:03,117 - INFO - 模型保存完成
2026-03-21 19:04:03,117 - INFO - 
训练流程完成，耗时: 615.58 秒
2026-03-21 19:04:03,117 - INFO - 参与训练的数据条数: 1240
2026-03-21 19:04:03,118 - INFO - 
运行绘图函数...
