重构Stacking训练日志
==================================================
2026-03-21 14:44:49,679 - INFO - 开始重构Stacking训练流程...
2026-03-21 14:44:49,680 - INFO - 从 preprocessed_data\merged_scaled.csv 加载已处理的数据集...
2026-03-21 14:44:55,325 - INFO - 加载完成，样本数: 1620
2026-03-21 14:44:55,391 - INFO - 保留了 15624 个数值型特征
2026-03-21 14:44:55,391 - INFO - 处理NaN值...
2026-03-21 14:44:55,432 - INFO - 删除NaN列后，特征数: 15624
2026-03-21 14:44:55,477 - INFO - 删除NaN行后，样本数: 1620
2026-03-21 14:44:55,481 - INFO - 分割数据...
2026-03-21 14:44:55,528 - INFO - 年龄>20的样本数: 1240
2026-03-21 14:44:55,528 - INFO - 年龄<=20的样本数: 380
2026-03-21 14:44:55,743 - INFO - 训练集: 1296 样本
2026-03-21 14:44:55,743 - INFO - 验证集: 162 样本
2026-03-21 14:44:55,744 - INFO - 测试集: 162 样本
2026-03-21 14:44:55,744 - INFO - 测试集年龄范围: 20.20 - 92.00
2026-03-21 14:44:55,767 - INFO - 
=== 步骤1: 基于XGBoost特征重要性选择特征 ===
2026-03-21 14:44:55,767 - INFO - 使用5折交叉验证平均特征重要性选择Top 350个特征...
2026-03-21 14:44:55,768 - INFO -   第1折交叉验证...
2026-03-21 14:45:49,544 - INFO -   第2折交叉验证...
2026-03-21 14:46:42,708 - INFO -   第3折交叉验证...
2026-03-21 14:47:35,396 - INFO -   第4折交叉验证...
2026-03-21 14:48:27,932 - INFO -   第5折交叉验证...
2026-03-21 14:49:20,156 - INFO - 5折交叉验证平均特征重要性Top 10:
2026-03-21 14:49:20,156 - INFO -   1. SRY: 0.0276
2026-03-21 14:49:20,156 - INFO -   2. PMCH: 0.0138
2026-03-21 14:49:20,157 - INFO -   3. FERD3L: 0.0135
2026-03-21 14:49:20,157 - INFO -   4. RTP1: 0.0078
2026-03-21 14:49:20,157 - INFO -   5. LRRN3: 0.0064
2026-03-21 14:49:20,157 - INFO -   6. ASMTL-AS1: 0.0056
2026-03-21 14:49:20,157 - INFO -   7. CD248: 0.0055
2026-03-21 14:49:20,157 - INFO -   8. CR2: 0.0052
2026-03-21 14:49:20,157 - INFO -   9. TNFSF18: 0.0037
2026-03-21 14:49:20,157 - INFO -   10. GREM2: 0.0033
2026-03-21 14:49:20,157 - INFO - 选择了 350 个特征
2026-03-21 14:49:20,179 - INFO - 特征选择后维度: 350
2026-03-21 14:49:20,180 - INFO - 
=== 步骤2: 使用Optuna调优XGBoost超参数 ===
2026-03-21 14:49:20,180 - INFO - 开始使用Optuna调优XGBoost模型...
2026-03-21 14:49:20,180 - INFO - 试验次数: 50, 交叉验证折数: 5
2026-03-21 14:54:03,072 - INFO - 最佳R²得分: 0.7648
2026-03-21 14:54:03,072 - INFO - 最佳参数: {'n_estimators': 483, 'learning_rate': 0.0346349978810476, 'max_depth': 4, 'min_child_weight': 2, 'subsample': 0.7498029987351326, 'colsample_bytree': 0.8064608896766802, 'reg_alpha': 1.4178111369731614, 'reg_lambda': 1.5117982547791056, 'gamma': 1.5291380806337003}
2026-03-21 14:54:03,078 - INFO - 调优记录已保存到 optuna_logs/xgboost_tuning_logs.csv
2026-03-21 14:54:04,715 - INFO - 
=== 步骤3: 使用Optuna调优MLP模型 ===
2026-03-21 14:54:04,715 - INFO - 开始使用Optuna调优MLP模型（精细调优版本）...
2026-03-21 14:54:04,715 - INFO - 试验次数: 50, 交叉验证折数: 10
2026-03-21 14:56:54,098 - INFO - MLP最佳交叉验证R²: 0.5500
2026-03-21 14:56:54,098 - INFO - MLP最佳参数: {'hidden_layer_sizes': (128, 64, 32), 'alpha': 4.170975182133117, 'learning_rate_init': 0.009693565002892653, 'activation': 'tanh', 'batch_size': 32}
2026-03-21 14:56:54,104 - INFO - 调优记录已保存到 optuna_logs/mlp_tuning_logs.csv
2026-03-21 14:56:55,691 - INFO - 
=== 步骤4: 定义重构后的基模型组合 ===
2026-03-21 14:56:55,691 - INFO - 基模型：XGBoost（调优后）、MLP（调优后）
2026-03-21 14:56:55,691 - INFO - 
=== 步骤5: 训练各个基模型 ===
2026-03-21 14:56:55,691 - INFO - 训练 xgboost 模型...
2026-03-21 14:56:57,402 - INFO - 评估 xgboost 模型...
2026-03-21 14:56:57,404 - INFO - xgboost 模型性能:
2026-03-21 14:56:57,404 - INFO - MAE: 9.1838
2026-03-21 14:56:57,404 - INFO - RMSE: 12.0120
2026-03-21 14:56:57,404 - INFO - R2: 0.4349
2026-03-21 14:56:57,405 - INFO - 训练 mlp 模型...
2026-03-21 14:56:58,941 - INFO - 评估 mlp 模型...
2026-03-21 14:56:58,943 - INFO - mlp 模型性能:
2026-03-21 14:56:58,943 - INFO - MAE: 10.9444
2026-03-21 14:56:58,943 - INFO - RMSE: 14.2340
2026-03-21 14:56:58,943 - INFO - R2: 0.2065
2026-03-21 14:56:58,944 - INFO - 
=== 步骤6: 验证基模型相关性 ===
2026-03-21 14:56:58,945 - INFO - 
=== 计算基模型预测结果相关性 ===
2026-03-21 14:56:58,945 - INFO - 基模型两两相关性矩阵:
2026-03-21 14:56:58,945 - INFO - xgboost vs mlp: 0.8279
2026-03-21 14:56:58,945 - INFO - 
=== 步骤7: 手动加权融合（精细搜索最优权重） ===
2026-03-21 14:56:58,949 - INFO - 遍历权重比例（XGBoost 70%-95%，步长 1%）...
2026-03-21 14:56:58,961 - INFO - 
=== 最佳手动加权融合结果 ===
2026-03-21 14:56:58,961 - INFO - 最优权重: XGBoost=0.84, MLP=0.16
2026-03-21 14:56:58,961 - INFO - 最优融合R²: 0.4468, MAE: 9.0114
2026-03-21 14:56:58,961 - INFO - 综合评分: -0.4543
2026-03-21 14:56:58,963 - INFO - 
=== 步骤8: 重复交叉验证评估模型稳定性 ===
2026-03-21 14:57:02,369 - INFO -   重复交叉验证第1次: R²=0.7756, MAE=9.1301, RMSE=11.9036
2026-03-21 14:57:05,434 - INFO -   重复交叉验证第2次: R²=0.7535, MAE=8.6201, RMSE=11.6887
2026-03-21 14:57:08,062 - INFO -   重复交叉验证第3次: R²=0.7719, MAE=8.9449, RMSE=11.5174
2026-03-21 14:57:10,693 - INFO -   重复交叉验证第4次: R²=0.7257, MAE=9.2190, RMSE=12.3215
2026-03-21 14:57:13,830 - INFO -   重复交叉验证第5次: R²=0.7209, MAE=9.1808, RMSE=11.7392
2026-03-21 14:57:16,405 - INFO -   重复交叉验证第6次: R²=0.7831, MAE=8.7593, RMSE=11.4618
2026-03-21 14:57:19,037 - INFO -   重复交叉验证第7次: R²=0.7604, MAE=9.5567, RMSE=12.0867
2026-03-21 14:57:22,405 - INFO -   重复交叉验证第8次: R²=0.7581, MAE=8.6693, RMSE=11.4302
2026-03-21 14:57:25,048 - INFO -   重复交叉验证第9次: R²=0.7156, MAE=9.3359, RMSE=12.2653
2026-03-21 14:57:28,648 - INFO -   重复交叉验证第10次: R²=0.7187, MAE=9.0703, RMSE=12.1976
2026-03-21 14:57:31,106 - INFO -   重复交叉验证第11次: R²=0.7311, MAE=9.0397, RMSE=12.1437
2026-03-21 14:57:33,947 - INFO -   重复交叉验证第12次: R²=0.7306, MAE=9.4821, RMSE=12.3072
2026-03-21 14:57:36,585 - INFO -   重复交叉验证第13次: R²=0.7346, MAE=9.1230, RMSE=12.1494
2026-03-21 14:57:40,884 - INFO -   重复交叉验证第14次: R²=0.8110, MAE=8.0646, RMSE=10.4615
2026-03-21 14:57:43,834 - INFO -   重复交叉验证第15次: R²=0.7777, MAE=8.7777, RMSE=11.2293
2026-03-21 14:57:43,834 - INFO - 
=== 重复交叉验证结果汇总 ===
2026-03-21 14:57:43,835 - INFO - 平均R²: 0.7512 ± 0.0276
2026-03-21 14:57:43,835 - INFO - 平均MAE: 8.9982 ± 0.3664
2026-03-21 14:57:43,835 - INFO - 平均RMSE: 11.7935 ± 0.4967
2026-03-21 14:57:43,835 - INFO - 
=== 步骤9: SHAP分析，识别核心衰老基因 ===
2026-03-21 14:57:43,910 - INFO - 
=== SHAP特征重要性Top 20 ===
2026-03-21 14:57:43,910 - INFO -   1. PMCH: 3.4899
2026-03-21 14:57:43,910 - INFO -   2. SRY: 2.9797
2026-03-21 14:57:43,910 - INFO -   3. LRRN3: 2.1549
2026-03-21 14:57:43,911 - INFO -   4. CD248: 2.1199
2026-03-21 14:57:43,911 - INFO -   5. FERD3L: 1.3347
2026-03-21 14:57:43,911 - INFO -   6. FIGN: 1.2159
2026-03-21 14:57:43,911 - INFO -   7. CR2: 1.1978
2026-03-21 14:57:43,911 - INFO -   8. SLC4A10: 0.7287
2026-03-21 14:57:43,911 - INFO -   9. NT5E: 0.5734
2026-03-21 14:57:43,911 - INFO -   10. NAP1L2: 0.5170
2026-03-21 14:57:43,912 - INFO -   11. RGMB: 0.5009
2026-03-21 14:57:43,912 - INFO -   12. TULP2: 0.4653
2026-03-21 14:57:43,912 - INFO -   13. RTP1: 0.4625
2026-03-21 14:57:43,912 - INFO -   14. ZNF667-AS1: 0.4282
2026-03-21 14:57:43,912 - INFO -   15. IFNG: 0.4257
2026-03-21 14:57:43,912 - INFO -   16. MOV10L1: 0.3996
2026-03-21 14:57:43,912 - INFO -   17. OR13C4: 0.3649
2026-03-21 14:57:43,913 - INFO -   18. PABPC4L: 0.3588
2026-03-21 14:57:43,913 - INFO -   19. SNCB: 0.3573
2026-03-21 14:57:43,913 - INFO -   20. EDA: 0.3573
2026-03-21 14:57:43,913 - INFO - 
核心衰老基因已保存到 shap_feature_importance_stacking.csv
2026-03-21 14:57:43,913 - INFO - 
=== 保存模型 ===
2026-03-21 14:57:43,922 - INFO - 模型保存完成
2026-03-21 14:57:43,922 - INFO - 
训练流程完成，耗时: 774.24 秒
2026-03-21 14:57:43,922 - INFO - 参与训练的数据条数: 1620
2026-03-21 14:57:43,922 - INFO - 
运行绘图函数...
